-------    Bucket#0    -------
-------    Bucket#1    -------
-------    Bucket#2    -------
-------    Bucket#3    -------
-------    Bucket#4    -------
-------    Bucket#5    -------
-------    Bucket#6    -------
-------    Bucket#7    -------
-------    Bucket#8    -------
-------    Bucket#9    -------
-------    Bucket#10    -------
-------    Bucket#11    -------
-------    Bucket#12    -------
-------    Bucket#13    -------
-------    Bucket#14    -------
-------    Bucket#15    -------
-------    Bucket#16    -------
-------    Bucket#17    -------
-------    Bucket#18    -------
-------    Bucket#19    -------
-------    Bucket#20    -------
-------    Bucket#21    -------
-------    Bucket#22    -------
-------    Bucket#23    -------
-------    Bucket#24    -------
-------    Bucket#25    -------
-------    Bucket#26    -------
-------    Bucket#27    -------
-------    Bucket#28    -------
-------    Bucket#29    -------
-------    Bucket#30    -------
-------    Bucket#31    -------
-------    Bucket#32    -------
-------    Bucket#33    -------
-------    Bucket#34    -------
-------    Bucket#35    -------
-------    Bucket#36    -------
-------    Bucket#37    -------
-------    Bucket#38    -------
-------    Bucket#39    -------
-------    Bucket#40    -------
-------    Bucket#41    -------
-------    Bucket#42    -------
-------    Bucket#43    -------
-------    Bucket#44    -------
-------    Bucket#45    -------
-------    Bucket#46    -------
-------    Bucket#47    -------
-------    Bucket#48    -------
-------    Bucket#49    -------
-------    Bucket#50    -------
-------    Bucket#51    -------
-------    Bucket#52    -------
-------    Bucket#53    -------
-------    Bucket#54    -------
-------    Bucket#55    -------
-------    Bucket#56    -------
-------    Bucket#57    -------
"objectmemberkeys" [library function] (line 0) (scope 0)
"argument" [library function] (line 0) (scope 0)
"strtonum" [library function] (line 0) (scope 0)
-------    Bucket#58    -------
-------    Bucket#59    -------
-------    Bucket#60    -------
-------    Bucket#61    -------
-------    Bucket#62    -------
-------    Bucket#63    -------
-------    Bucket#64    -------
-------    Bucket#65    -------
-------    Bucket#66    -------
-------    Bucket#67    -------
-------    Bucket#68    -------
-------    Bucket#69    -------
-------    Bucket#70    -------
-------    Bucket#71    -------
-------    Bucket#72    -------
-------    Bucket#73    -------
-------    Bucket#74    -------
-------    Bucket#75    -------
-------    Bucket#76    -------
-------    Bucket#77    -------
-------    Bucket#78    -------
-------    Bucket#79    -------
-------    Bucket#80    -------
-------    Bucket#81    -------
-------    Bucket#82    -------
-------    Bucket#83    -------
-------    Bucket#84    -------
-------    Bucket#85    -------
-------    Bucket#86    -------
-------    Bucket#87    -------
-------    Bucket#88    -------
-------    Bucket#89    -------
-------    Bucket#90    -------
-------    Bucket#91    -------
-------    Bucket#92    -------
-------    Bucket#93    -------
-------    Bucket#94    -------
-------    Bucket#95    -------
-------    Bucket#96    -------
-------    Bucket#97    -------
-------    Bucket#98    -------
-------    Bucket#99    -------
-------    Bucket#100    -------
-------    Bucket#101    -------
-------    Bucket#102    -------
-------    Bucket#103    -------
-------    Bucket#104    -------
-------    Bucket#105    -------
-------    Bucket#106    -------
-------    Bucket#107    -------
-------    Bucket#108    -------
-------    Bucket#109    -------
"foo" [user function] (line 1) (scope 0)
-------    Bucket#110    -------
-------    Bucket#111    -------
-------    Bucket#112    -------
-------    Bucket#113    -------
-------    Bucket#114    -------
-------    Bucket#115    -------
-------    Bucket#116    -------
-------    Bucket#117    -------
-------    Bucket#118    -------
-------    Bucket#119    -------
-------    Bucket#120    -------
-------    Bucket#121    -------
"objecttotalmembers" [library function] (line 0) (scope 0)
"objectcopy" [library function] (line 0) (scope 0)
"^0" [local variable] (line 0) (scope 1)
"^0" [local variable] (line 0) (scope 0)
-------    Bucket#122    -------
-------    Bucket#123    -------
-------    Bucket#124    -------
-------    Bucket#125    -------
-------    Bucket#126    -------
-------    Bucket#127    -------
-------    Bucket#128    -------
-------    Bucket#129    -------
-------    Bucket#130    -------
-------    Bucket#131    -------
-------    Bucket#132    -------
-------    Bucket#133    -------
-------    Bucket#134    -------
-------    Bucket#135    -------
-------    Bucket#136    -------
-------    Bucket#137    -------
-------    Bucket#138    -------
-------    Bucket#139    -------
-------    Bucket#140    -------
-------    Bucket#141    -------
-------    Bucket#142    -------
-------    Bucket#143    -------
-------    Bucket#144    -------
-------    Bucket#145    -------
-------    Bucket#146    -------
-------    Bucket#147    -------
-------    Bucket#148    -------
-------    Bucket#149    -------
-------    Bucket#150    -------
-------    Bucket#151    -------
-------    Bucket#152    -------
-------    Bucket#153    -------
-------    Bucket#154    -------
-------    Bucket#155    -------
-------    Bucket#156    -------
-------    Bucket#157    -------
-------    Bucket#158    -------
-------    Bucket#159    -------
-------    Bucket#160    -------
-------    Bucket#161    -------
-------    Bucket#162    -------
-------    Bucket#163    -------
-------    Bucket#164    -------
-------    Bucket#165    -------
-------    Bucket#166    -------
-------    Bucket#167    -------
"print" [library function] (line 0) (scope 0)
"input" [library function] (line 0) (scope 0)
-------    Bucket#168    -------
-------    Bucket#169    -------
-------    Bucket#170    -------
-------    Bucket#171    -------
-------    Bucket#172    -------
-------    Bucket#173    -------
-------    Bucket#174    -------
-------    Bucket#175    -------
-------    Bucket#176    -------
-------    Bucket#177    -------
-------    Bucket#178    -------
-------    Bucket#179    -------
-------    Bucket#180    -------
-------    Bucket#181    -------
-------    Bucket#182    -------
-------    Bucket#183    -------
-------    Bucket#184    -------
-------    Bucket#185    -------
"sqrt" [library function] (line 0) (scope 0)
-------    Bucket#186    -------
-------    Bucket#187    -------
-------    Bucket#188    -------
-------    Bucket#189    -------
-------    Bucket#190    -------
-------    Bucket#191    -------
-------    Bucket#192    -------
-------    Bucket#193    -------
-------    Bucket#194    -------
-------    Bucket#195    -------
-------    Bucket#196    -------
-------    Bucket#197    -------
-------    Bucket#198    -------
-------    Bucket#199    -------
-------    Bucket#200    -------
-------    Bucket#201    -------
-------    Bucket#202    -------
-------    Bucket#203    -------
-------    Bucket#204    -------
-------    Bucket#205    -------
-------    Bucket#206    -------
-------    Bucket#207    -------
-------    Bucket#208    -------
-------    Bucket#209    -------
-------    Bucket#210    -------
-------    Bucket#211    -------
-------    Bucket#212    -------
-------    Bucket#213    -------
-------    Bucket#214    -------
-------    Bucket#215    -------
-------    Bucket#216    -------
-------    Bucket#217    -------
-------    Bucket#218    -------
-------    Bucket#219    -------
-------    Bucket#220    -------
-------    Bucket#221    -------
-------    Bucket#222    -------
-------    Bucket#223    -------
-------    Bucket#224    -------
-------    Bucket#225    -------
-------    Bucket#226    -------
-------    Bucket#227    -------
-------    Bucket#228    -------
-------    Bucket#229    -------
-------    Bucket#230    -------
-------    Bucket#231    -------
"cos" [library function] (line 0) (scope 0)
"sin" [library function] (line 0) (scope 0)
-------    Bucket#232    -------
-------    Bucket#233    -------
-------    Bucket#234    -------
-------    Bucket#235    -------
-------    Bucket#236    -------
-------    Bucket#237    -------
-------    Bucket#238    -------
-------    Bucket#239    -------
-------    Bucket#240    -------
-------    Bucket#241    -------
-------    Bucket#242    -------
-------    Bucket#243    -------
-------    Bucket#244    -------
-------    Bucket#245    -------
-------    Bucket#246    -------
-------    Bucket#247    -------
-------    Bucket#248    -------
-------    Bucket#249    -------
"totalarguments" [library function] (line 0) (scope 0)
"typeof" [library function] (line 0) (scope 0)
-------    Bucket#250    -------
-------    Bucket#251    -------
-------    Bucket#252    -------
-------    Bucket#253    -------
-------    Bucket#254    -------
-------    Bucket#255    -------
